Assuming unrestricted shared filesystem usage.
None
host: DN52eml1.SUNet
Building DAG of jobs...
Using shell: /bin/bash
Provided cores: 12
Rules claiming more threads will be scaled down.
Conda environments: ignored
Job stats:
job                 count
----------------  -------
all                     1
atac_per_cell_qc        1
total                   2

Select jobs to execute...
Execute 1 jobs...
[Thu Aug  7 20:22:50 2025]
localrule atac_per_cell_qc:
    input: /Users/kyx/workspace/bms_analysis/Data/Arrow/YK01_En7Apos.arrow, /Users/kyx/workspace/bms_analysis/Data/Arrow/YK02_En7Bneg.arrow, /Users/kyx/workspace/bms_analysis/Data/Arrow/YK04_En7Cneg.arrow, /Users/kyx/workspace/bms_analysis/Data/Arrow/YK05_En7Cpos.arrow, /Users/kyx/workspace/bms_analysis/Data/Arrow/YK06_En7ReAneg.arrow, /Users/kyx/workspace/bms_analysis/Data/Arrow/YK07_En7ReApos.arrow, /Users/kyx/workspace/bms_analysis/Data/Arrow/YK08_En7ReBpos.arrow, /Users/kyx/workspace/bms_analysis/Data/Arrow/YK09_En28Apos.arrow, /Users/kyx/workspace/bms_analysis/Data/Arrow/YK10_En28Cneg.arrow, /Users/kyx/workspace/bms_analysis/Data/Arrow/YK12_En28Dneg.arrow, /Users/kyx/workspace/bms_analysis/Data/Arrow/YK13_En28Dpos.arrow, /Users/kyx/workspace/bms_analysis/Data/Arrow/YK14_En28ReBneg.arrow, /Users/kyx/workspace/bms_analysis/Data/Arrow/YK15_En28ReBpos.arrow, /Users/kyx/workspace/bms_analysis/Data/Arrow/YK16_En28ReCneg.arrow, /Users/kyx/workspace/bms_analysis/Data/Arrow/YK17_En28ReCpos.arrow, config/samples.csv
    output: results/atac/single_qc/ArchRProject/BMS_clean, results/atac/single_qc/atac_qc.tsv, results/atac/single_qc/ATAC_per_cell_QC.pdf
    jobid: 1
    reason: Code has changed since last execution
    resources: tmpdir=/var/folders/zh/6fmmt96j7f30q2xr1cdwmjgh0000gr/T
[Thu Aug  7 20:24:09 2025]
Finished jobid: 1 (Rule: atac_per_cell_qc)
1 of 2 steps (50%) done
Select jobs to execute...
Execute 1 jobs...
[Thu Aug  7 20:24:09 2025]
localrule all:
    input: results/atac/single_qc/ArchRProject/BMS_clean
    jobid: 0
    reason: Input files updated by another job: results/atac/single_qc/ArchRProject/BMS_clean
    resources: tmpdir=/var/folders/zh/6fmmt96j7f30q2xr1cdwmjgh0000gr/T
[Thu Aug  7 20:24:09 2025]
Finished jobid: 0 (Rule: all)
2 of 2 steps (100%) done
Complete log(s): /Users/kyx/workspace/bms-pipeline/.snakemake/log/2025-08-07T202249.969235.snakemake.log
